#
# There is insufficient memory for the Java Runtime Environment to continue.
# Native memory allocation (malloc) failed to allocate 1068688 bytes. Error detail: Chunk::new
# Possible reasons:
#   The system is out of physical RAM or swap space
#   This process is running with CompressedOops enabled, and the Java Heap may be blocking the growth of the native heap
# Possible solutions:
#   Reduce memory load on the system
#   Increase physical memory or swap space
#   Check if swap backing store is full
#   Decrease Java heap size (-Xmx/-Xms)
#   Decrease number of Java threads
#   Decrease Java thread stack sizes (-Xss)
#   Set larger code cache with -XX:ReservedCodeCacheSize=
#   JVM is running with Unscaled Compressed Oops mode in which the Java heap is
#     placed in the first 4GB address space. The Java Heap base address is the
#     maximum limit for the native heap growth. Please use -XX:HeapBaseMinAddress
#     to set the Java Heap base and to place the Java Heap above 4GB virtual address.
# This output file may be truncated or incomplete.
#
#  Out of Memory Error (arena.cpp:168), pid=26480, tid=31852
#
# JRE version: OpenJDK Runtime Environment Temurin-21.0.7+6 (21.0.7+6) (build 21.0.7+6-LTS)
# Java VM: OpenJDK 64-Bit Server VM Temurin-21.0.7+6 (21.0.7+6-LTS, mixed mode, sharing, tiered, compressed oops, compressed class ptrs, parallel gc, windows-amd64)
# No core dump will be written. Minidumps are not enabled by default on client versions of Windows
#

---------------  S U M M A R Y ------------

Command Line: --add-modules=ALL-SYSTEM --add-opens=java.base/java.util=ALL-UNNAMED --add-opens=java.base/java.lang=ALL-UNNAMED --add-opens=java.base/sun.nio.fs=ALL-UNNAMED -Declipse.application=org.eclipse.jdt.ls.core.id1 -Dosgi.bundles.defaultStartLevel=4 -Declipse.product=org.eclipse.jdt.ls.core.product -Djava.import.generatesMetadataFilesAtProjectRoot=false -DDetectVMInstallationsJob.disabled=true -Dfile.encoding=utf8 -XX:+UseParallelGC -XX:GCTimeRatio=4 -XX:AdaptiveSizePolicyWeight=90 -Dsun.zip.disableMemoryMapping=true -Xmx2G -Xms100m -Xlog:disable -javaagent:c:\Users\Asus\.vscode\extensions\redhat.java-1.43.0-win32-x64\lombok\lombok-1.18.39-4050.jar -XX:+HeapDumpOnOutOfMemoryError -XX:HeapDumpPath=c:\Users\Asus\AppData\Roaming\Code\User\workspaceStorage\5b5831cd1af201e25852f1a39751b0ef\redhat.java -Daether.dependencyCollector.impl=bf c:\Users\Asus\.vscode\extensions\redhat.java-1.43.0-win32-x64\server\plugins\org.eclipse.equinox.launcher_1.7.0.v20250519-0528.jar -configuration c:\Users\Asus\AppData\Roaming\Code\User\globalStorage\redhat.java\1.43.0\config_win -data c:\Users\Asus\AppData\Roaming\Code\User\workspaceStorage\5b5831cd1af201e25852f1a39751b0ef\redhat.java\jdt_ws --pipe=\\.\pipe\lsp-d64699cb925e829e666d0312c7a13ff5-sock

Host: AMD Ryzen 7 7735HS with Radeon Graphics        , 16 cores, 7G,  Windows 11 , 64 bit Build 26100 (10.0.26100.4202)
Time: Mon Jun 30 01:36:30 2025 SE Asia Standard Time elapsed time: 90121.194233 seconds (1d 1h 2m 1s)

---------------  T H R E A D  ---------------

Current thread (0x000001e589094fa0):  JavaThread "C2 CompilerThread0" daemon [_thread_in_native, id=31852, stack(0x000000da3b700000,0x000000da3b800000) (1024K)]


Current CompileTask:
C2:90121194 27244       4       lombok.eclipse.handlers.HandleConstructor::createConstructor (1185 bytes)

Stack: [0x000000da3b700000,0x000000da3b800000]
Native frames: (J=compiled Java code, j=interpreted, Vv=VM code, C=native code)
V  [jvm.dll+0x6ce119]
V  [jvm.dll+0x8a84a1]
V  [jvm.dll+0x8aa9ce]
V  [jvm.dll+0x8ab0b3]
V  [jvm.dll+0x27f8a6]
V  [jvm.dll+0xc507d]
V  [jvm.dll+0xc55b3]
V  [jvm.dll+0x3b692c]
V  [jvm.dll+0x382aa5]
V  [jvm.dll+0x381f0a]
V  [jvm.dll+0x247af0]
V  [jvm.dll+0x2470cf]
V  [jvm.dll+0x1c760e]
V  [jvm.dll+0x25695a]
V  [jvm.dll+0x254efa]
V  [jvm.dll+0x3f03f6]
V  [jvm.dll+0x851f6b]
V  [jvm.dll+0x6cc7dd]
C  [ucrtbase.dll+0x37b0]
C  [KERNEL32.DLL+0x2e8d7]
C  [ntdll.dll+0x3c34c]


---------------  P R O C E S S  ---------------

Threads class SMR info:
_java_thread_list=0x000001e5a5ccf8d0, length=54, elements={
0x000001e53021dd10, 0x000001e5302c7420, 0x000001e5301c9af0, 0x000001e5301cd460,
0x000001e5301ce0b0, 0x000001e5302d3450, 0x000001e5302dd020, 0x000001e589094fa0,
0x000001e58909abf0, 0x000001e5302dc300, 0x000001e5302d9ba0, 0x000001e58f3d4dd0,
0x000001e58f3d5460, 0x000001e58f3d8f70, 0x000001e58f3d6180, 0x000001e58f3db040,
0x000001e58f3dbd60, 0x000001e58f3da9b0, 0x000001e58930c650, 0x000001e58930bfc0,
0x000001e589309860, 0x000001e58930d370, 0x000001e58930da00, 0x000001e58930a580,
0x000001e589310160, 0x000001e58930e090, 0x000001e58930edb0, 0x000001e5893107f0,
0x000001e58930f440, 0x000001e58930fad0, 0x000001e58930e720, 0x000001e58f3d5af0,
0x000001e58f3d9c90, 0x000001e58f3d9600, 0x000001e58f3d6810, 0x000001e58f3d6ea0,
0x000001e58f3d8250, 0x000001e58f3d88e0, 0x000001e58f3d7530, 0x000001e58f3d7bc0,
0x000001e589309ef0, 0x000001e59157ce10, 0x000001e591296f50, 0x000001e5a4778e90,
0x000001e591293ad0, 0x000001e591291370, 0x000001e5912947f0, 0x000001e591294160,
0x000001e591297c70, 0x000001e591114330, 0x000001e5911149c0, 0x000001e59111a5a0,
0x000001e5a59e0b80, 0x000001e5a59e1210
}

Java Threads: ( => current thread )
  0x000001e53021dd10 JavaThread "main"                              [_thread_blocked, id=34724, stack(0x000000da3ad00000,0x000000da3ae00000) (1024K)]
  0x000001e5302c7420 JavaThread "Reference Handler"          daemon [_thread_blocked, id=17792, stack(0x000000da3b100000,0x000000da3b200000) (1024K)]
  0x000001e5301c9af0 JavaThread "Finalizer"                  daemon [_thread_blocked, id=28320, stack(0x000000da3b200000,0x000000da3b300000) (1024K)]
  0x000001e5301cd460 JavaThread "Signal Dispatcher"          daemon [_thread_blocked, id=24860, stack(0x000000da3b300000,0x000000da3b400000) (1024K)]
  0x000001e5301ce0b0 JavaThread "Attach Listener"            daemon [_thread_blocked, id=14572, stack(0x000000da3b400000,0x000000da3b500000) (1024K)]
  0x000001e5302d3450 JavaThread "Service Thread"             daemon [_thread_blocked, id=24520, stack(0x000000da3b500000,0x000000da3b600000) (1024K)]
  0x000001e5302dd020 JavaThread "Monitor Deflation Thread"   daemon [_thread_blocked, id=1316, stack(0x000000da3b600000,0x000000da3b700000) (1024K)]
=>0x000001e589094fa0 JavaThread "C2 CompilerThread0"         daemon [_thread_in_native, id=31852, stack(0x000000da3b700000,0x000000da3b800000) (1024K)]
  0x000001e58909abf0 JavaThread "C1 CompilerThread0"         daemon [_thread_blocked, id=8476, stack(0x000000da3b800000,0x000000da3b900000) (1024K)]
  0x000001e5302dc300 JavaThread "Common-Cleaner"             daemon [_thread_blocked, id=16128, stack(0x000000da3b900000,0x000000da3ba00000) (1024K)]
  0x000001e5302d9ba0 JavaThread "Notification Thread"        daemon [_thread_blocked, id=32464, stack(0x000000da3bd00000,0x000000da3be00000) (1024K)]
  0x000001e58f3d4dd0 JavaThread "Active Thread: Equinox Container: fe70d502-0115-4f97-90a2-f0a93f2d6451"        [_thread_blocked, id=5040, stack(0x000000da3ca00000,0x000000da3cb00000) (1024K)]
  0x000001e58f3d5460 JavaThread "Framework Event Dispatcher: Equinox Container: fe70d502-0115-4f97-90a2-f0a93f2d6451" daemon [_thread_blocked, id=12484, stack(0x000000da3bb00000,0x000000da3bc00000) (1024K)]
  0x000001e58f3d8f70 JavaThread "Start Level: Equinox Container: fe70d502-0115-4f97-90a2-f0a93f2d6451" daemon [_thread_blocked, id=28580, stack(0x000000da3bc00000,0x000000da3bd00000) (1024K)]
  0x000001e58f3d6180 JavaThread "Refresh Thread: Equinox Container: fe70d502-0115-4f97-90a2-f0a93f2d6451" daemon [_thread_blocked, id=32980, stack(0x000000da3cd00000,0x000000da3ce00000) (1024K)]
  0x000001e58f3db040 JavaThread "Bundle File Closer"         daemon [_thread_blocked, id=22288, stack(0x000000da3cb00000,0x000000da3cc00000) (1024K)]
  0x000001e58f3dbd60 JavaThread "SCR Component Actor"        daemon [_thread_blocked, id=16200, stack(0x000000da3cc00000,0x000000da3cd00000) (1024K)]
  0x000001e58f3da9b0 JavaThread "Worker-JM"                         [_thread_blocked, id=15068, stack(0x000000da3de00000,0x000000da3df00000) (1024K)]
  0x000001e58930c650 JavaThread "Java indexing"              daemon [_thread_blocked, id=3308, stack(0x000000da3e200000,0x000000da3e300000) (1024K)]
  0x000001e58930bfc0 JavaThread "JNA Cleaner"                daemon [_thread_blocked, id=3928, stack(0x000000da3c600000,0x000000da3c700000) (1024K)]
  0x000001e589309860 JavaThread "Thread-2"                   daemon [_thread_in_native, id=7044, stack(0x000000da3d000000,0x000000da3d100000) (1024K)]
  0x000001e58930d370 JavaThread "Thread-3"                   daemon [_thread_in_native, id=9548, stack(0x000000da3d100000,0x000000da3d200000) (1024K)]
  0x000001e58930da00 JavaThread "Thread-4"                   daemon [_thread_in_native, id=3388, stack(0x000000da3d200000,0x000000da3d300000) (1024K)]
  0x000001e58930a580 JavaThread "Thread-5"                   daemon [_thread_in_native, id=34812, stack(0x000000da3d300000,0x000000da3d400000) (1024K)]
  0x000001e589310160 JavaThread "Thread-6"                   daemon [_thread_in_native, id=28712, stack(0x000000da3d400000,0x000000da3d500000) (1024K)]
  0x000001e58930e090 JavaThread "Thread-7"                   daemon [_thread_in_native, id=27116, stack(0x000000da3d500000,0x000000da3d600000) (1024K)]
  0x000001e58930edb0 JavaThread "Thread-8"                   daemon [_thread_in_native, id=15820, stack(0x000000da3d600000,0x000000da3d700000) (1024K)]
  0x000001e5893107f0 JavaThread "Thread-9"                   daemon [_thread_in_native, id=24956, stack(0x000000da3d700000,0x000000da3d800000) (1024K)]
  0x000001e58930f440 JavaThread "Thread-10"                  daemon [_thread_in_native, id=28508, stack(0x000000da3d800000,0x000000da3d900000) (1024K)]
  0x000001e58930fad0 JavaThread "Thread-11"                  daemon [_thread_in_native, id=24548, stack(0x000000da3e300000,0x000000da3e400000) (1024K)]
  0x000001e58930e720 JavaThread "Thread-12"                  daemon [_thread_in_native, id=32664, stack(0x000000da3e400000,0x000000da3e500000) (1024K)]
  0x000001e58f3d5af0 JavaThread "Thread-13"                  daemon [_thread_in_native, id=14076, stack(0x000000da3e500000,0x000000da3e600000) (1024K)]
  0x000001e58f3d9c90 JavaThread "Thread-14"                  daemon [_thread_in_native, id=28152, stack(0x000000da3e600000,0x000000da3e700000) (1024K)]
  0x000001e58f3d9600 JavaThread "Thread-15"                  daemon [_thread_in_native, id=12444, stack(0x000000da3e700000,0x000000da3e800000) (1024K)]
  0x000001e58f3d6810 JavaThread "Thread-16"                  daemon [_thread_in_native, id=13972, stack(0x000000da3e800000,0x000000da3e900000) (1024K)]
  0x000001e58f3d6ea0 JavaThread "Thread-17"                  daemon [_thread_in_native, id=19664, stack(0x000000da3e900000,0x000000da3ea00000) (1024K)]
  0x000001e58f3d8250 JavaThread "Thread-18"                  daemon [_thread_in_native, id=14628, stack(0x000000da3ea00000,0x000000da3eb00000) (1024K)]
  0x000001e58f3d88e0 JavaThread "pool-2-thread-1"                   [_thread_blocked, id=24928, stack(0x000000da3eb00000,0x000000da3ec00000) (1024K)]
  0x000001e58f3d7530 JavaThread "WorkspaceEventsHandler"            [_thread_blocked, id=25908, stack(0x000000da3ee00000,0x000000da3ef00000) (1024K)]
  0x000001e58f3d7bc0 JavaThread "pool-1-thread-1"                   [_thread_blocked, id=27040, stack(0x000000da3ef00000,0x000000da3f000000) (1024K)]
  0x000001e589309ef0 JavaThread "Cleaner-0"                  daemon [_thread_blocked, id=11448, stack(0x000000da3e100000,0x000000da3e200000) (1024K)]
  0x000001e59157ce10 JavaThread "Java Debug Server"          daemon [_thread_in_native, id=14220, stack(0x000000da3c800000,0x000000da3c900000) (1024K)]
  0x000001e591296f50 JavaThread "RxSchedulerPurge-1"         daemon [_thread_blocked, id=20132, stack(0x000000da3c700000,0x000000da3c800000) (1024K)]
  0x000001e5a4778e90 JavaThread "RxCachedWorkerPoolEvictor-1" daemon [_thread_blocked, id=14576, stack(0x000000da3cf00000,0x000000da3d000000) (1024K)]
  0x000001e591293ad0 JavaThread "pool-12-thread-6"                  [_thread_in_native, id=15056, stack(0x000000da3ab00000,0x000000da3ac00000) (1024K)]
  0x000001e591291370 JavaThread "RxNewThreadScheduler-19"    daemon [_thread_blocked, id=24236, stack(0x000000da3ce00000,0x000000da3cf00000) (1024K)]
  0x000001e5912947f0 JavaThread "process reaper (pid 37772)" daemon [_thread_in_native, id=7268, stack(0x000000da3a7e0000,0x000000da3a800000) (128K)]
  0x000001e591294160 JavaThread "Worker-18"                         [_thread_blocked, id=39804, stack(0x000000da3dd00000,0x000000da3de00000) (1024K)]
  0x000001e591297c70 JavaThread "ForkJoinPool.commonPool-worker-73" daemon [_thread_blocked, id=35100, stack(0x000000da3f200000,0x000000da3f300000) (1024K)]
  0x000001e591114330 JavaThread "ForkJoinPool.commonPool-worker-82" daemon [_thread_blocked, id=37248, stack(0x000000da3fa00000,0x000000da3fb00000) (1024K)]
  0x000001e5911149c0 JavaThread "ForkJoinPool.commonPool-worker-83" daemon [_thread_blocked, id=20556, stack(0x000000da3c400000,0x000000da3c500000) (1024K)]
  0x000001e59111a5a0 JavaThread "Worker-23"                         [_thread_blocked, id=9152, stack(0x000000da3f000000,0x000000da3f100000) (1024K)]
  0x000001e5a59e0b80 JavaThread "ForkJoinPool.commonPool-worker-84" daemon [_thread_blocked, id=22276, stack(0x000000da3aa00000,0x000000da3ab00000) (1024K)]
  0x000001e5a59e1210 JavaThread "ForkJoinPool.commonPool-worker-85" daemon [_thread_blocked, id=14416, stack(0x000000da3ac00000,0x000000da3ad00000) (1024K)]
Total: 54

Other Threads:
  0x000001e5301b4860 VMThread "VM Thread"                           [id=14516, stack(0x000000da3b000000,0x000000da3b100000) (1024K)]
  0x000001e5300aca00 WatcherThread "VM Periodic Task Thread"        [id=8088, stack(0x000000da3af00000,0x000000da3b000000) (1024K)]
  0x000001e53023d6e0 WorkerThread "GC Thread#0"                     [id=23884, stack(0x000000da3ae00000,0x000000da3af00000) (1024K)]
  0x000001e58f5248e0 WorkerThread "GC Thread#1"                     [id=28336, stack(0x000000da3be00000,0x000000da3bf00000) (1024K)]
  0x000001e58f11eb10 WorkerThread "GC Thread#2"                     [id=34312, stack(0x000000da3bf00000,0x000000da3c000000) (1024K)]
  0x000001e58f4be280 WorkerThread "GC Thread#3"                     [id=2412, stack(0x000000da3c000000,0x000000da3c100000) (1024K)]
  0x000001e58f4be620 WorkerThread "GC Thread#4"                     [id=33564, stack(0x000000da3c100000,0x000000da3c200000) (1024K)]
  0x000001e58f4be9c0 WorkerThread "GC Thread#5"                     [id=16388, stack(0x000000da3c200000,0x000000da3c300000) (1024K)]
  0x000001e58f365bf0 WorkerThread "GC Thread#6"                     [id=34156, stack(0x000000da3c300000,0x000000da3c400000) (1024K)]
  0x000001e58f74d190 WorkerThread "GC Thread#7"                     [id=5144, stack(0x000000da3ba00000,0x000000da3bb00000) (1024K)]
  0x000001e58f2a9780 WorkerThread "GC Thread#8"                     [id=35424, stack(0x000000da3da00000,0x000000da3db00000) (1024K)]
  0x000001e58f2a9b20 WorkerThread "GC Thread#9"                     [id=3740, stack(0x000000da3db00000,0x000000da3dc00000) (1024K)]
  0x000001e58f2a8560 WorkerThread "GC Thread#10"                    [id=6936, stack(0x000000da3dc00000,0x000000da3dd00000) (1024K)]
  0x000001e58f2a8ca0 WorkerThread "GC Thread#11"                    [id=19312, stack(0x000000da3d900000,0x000000da3da00000) (1024K)]
  0x000001e58f7302e0 WorkerThread "GC Thread#12"                    [id=31080, stack(0x000000da3df00000,0x000000da3e000000) (1024K)]
Total: 15

Threads with active compile tasks:
C2 CompilerThread0  90121231 27244       4       lombok.eclipse.handlers.HandleConstructor::createConstructor (1185 bytes)
Total: 1

VM state: not at safepoint (normal execution)

VM Mutex/Monitor currently owned by a thread: None

Heap address: 0x0000000080000000, size: 2048 MB, Compressed Oops mode: 32-bit

CDS archive(s) mapped at: [0x000001e547000000-0x000001e547ba0000-0x000001e547ba0000), size 12189696, SharedBaseAddress: 0x000001e547000000, ArchiveRelocationMode: 1.
Compressed class space mapped at: 0x000001e548000000-0x000001e588000000, reserved size: 1073741824
Narrow klass base: 0x000001e547000000, Narrow klass shift: 0, Narrow klass range: 0x100000000

GC Precious Log:
 CardTable entry size: 512
 CPUs: 16 total, 16 available
 Memory: 7418M
 Large Page Support: Disabled
 NUMA Support: Disabled
 Compressed Oops: Enabled (32-bit)
 Alignments: Space 512K, Generation 512K, Heap 2M
 Heap Min Capacity: 100M
 Heap Initial Capacity: 100M
 Heap Max Capacity: 2G
 Pre-touch: Disabled
 Parallel Workers: 13

Heap:
 PSYoungGen      total 7680K, used 6845K [0x00000000d5580000, 0x00000000d5e00000, 0x0000000100000000)
  eden space 6656K, 88% used [0x00000000d5580000,0x00000000d5b47428,0x00000000d5c00000)
  from space 1024K, 90% used [0x00000000d5d00000,0x00000000d5de8000,0x00000000d5e00000)
  to   space 1024K, 0% used [0x00000000d5c00000,0x00000000d5c00000,0x00000000d5d00000)
 ParOldGen       total 1171968K, used 733824K [0x0000000080000000, 0x00000000c7880000, 0x00000000d5580000)
  object space 1171968K, 62% used [0x0000000080000000,0x00000000acca01f0,0x00000000c7880000)
 Metaspace       used 95012K, committed 96704K, reserved 1179648K
  class space    used 9427K, committed 10176K, reserved 1048576K

Card table byte_map: [0x000001e52fbc0000,0x000001e52ffd0000] _byte_map_base: 0x000001e52f7c0000

Marking Bits: (ParMarkBitMap*) 0x00007ffc2b0631f0
 Begin Bits: [0x000001e5426c0000, 0x000001e5446c0000)
 End Bits:   [0x000001e5446c0000, 0x000001e5466c0000)

Polling page: 0x000001e52e010000

Metaspace:

Usage:
  Non-class:     83.58 MB used.
      Class:      9.21 MB used.
       Both:     92.79 MB used.

Virtual space:
  Non-class space:      128.00 MB reserved,      84.50 MB ( 66%) committed,  2 nodes.
      Class space:        1.00 GB reserved,       9.94 MB ( <1%) committed,  1 nodes.
             Both:        1.12 GB reserved,      94.44 MB (  8%) committed. 

Chunk freelists:
   Non-Class:  10.73 MB
       Class:  5.97 MB
        Both:  16.70 MB

MaxMetaspaceSize: unlimited
CompressedClassSpaceSize: 1.00 GB
Initial GC threshold: 21.00 MB
Current GC threshold: 148.25 MB
CDS: on
 - commit_granule_bytes: 65536.
 - commit_granule_words: 8192.
 - virtual_space_node_default_size: 8388608.
 - enlarge_chunks_in_place: 1.
 - use_allocation_guard: 0.


Internal statistics:

num_allocs_failed_limit: 9.
num_arena_births: 2028.
num_arena_deaths: 540.
num_vsnodes_births: 3.
num_vsnodes_deaths: 0.
num_space_committed: 1511.
num_space_uncommitted: 0.
num_chunks_returned_to_freelist: 666.
num_chunks_taken_from_freelist: 6844.
num_chunk_merges: 197.
num_chunk_splits: 3949.
num_chunks_enlarged: 2244.
num_inconsistent_stats: 0.

CodeHeap 'non-profiled nmethods': size=119168Kb used=30105Kb max_used=30105Kb free=89062Kb
 bounds [0x000001e53afb0000, 0x000001e53cd20000, 0x000001e542410000]
CodeHeap 'profiled nmethods': size=119104Kb used=56460Kb max_used=56460Kb free=62643Kb
 bounds [0x000001e533410000, 0x000001e536b40000, 0x000001e53a860000]
CodeHeap 'non-nmethods': size=7488Kb used=1553Kb max_used=3364Kb free=5934Kb
 bounds [0x000001e53a860000, 0x000001e53abe0000, 0x000001e53afb0000]
 total_blobs=23533 nmethods=22653 adapters=781
 compilation: enabled
              stopped_count=0, restarted_count=0
 full_count=0

Compilation events (20 events):
Event: 90119.514 Thread 0x000001e589094fa0 nmethod 27237 0x000001e53cd0f710 code [0x000001e53cd0fbc0, 0x000001e53cd11ed8]
Event: 90119.515 Thread 0x000001e589094fa0 27238       4       org.eclipse.jdt.core.manipulation.ImportReferencesCollector::possibleStaticImportFound (264 bytes)
Event: 90119.522 Thread 0x000001e589094fa0 nmethod 27238 0x000001e53cd13890 code [0x000001e53cd13a20, 0x000001e53cd13ad0]
Event: 90119.610 Thread 0x000001e58909abf0 27239       3       org.eclipse.jdt.internal.compiler.lookup.LookupEnvironment::createMissingType (110 bytes)
Event: 90119.648 Thread 0x000001e58909abf0 nmethod 27239 0x000001e536b2f990 code [0x000001e536b2fbe0, 0x000001e536b30418]
Event: 90119.707 Thread 0x000001e589094fa0 27240   !   4       org.eclipse.jdt.internal.core.NameLookup::seekTypes (281 bytes)
Event: 90119.890 Thread 0x000001e589094fa0 nmethod 27240 0x000001e53cd13b90 code [0x000001e53cd13e40, 0x000001e53cd14f18]
Event: 90119.891 Thread 0x000001e589094fa0 27241       4       org.eclipse.jdt.internal.compiler.lookup.LookupEnvironment::completeTypeBindings (135 bytes)
Event: 90119.903 Thread 0x000001e589094fa0 nmethod 27241 0x000001e53cd15a90 code [0x000001e53cd15c80, 0x000001e53cd16250]
Event: 90119.916 Thread 0x000001e58909abf0 27242       3       org.eclipse.jdt.ls.core.internal.semantictokens.SemanticTokensVisitor::addTokenToSimpleNamesOfName (13 bytes)
Event: 90119.926 Thread 0x000001e58909abf0 nmethod 27242 0x000001e536b30710 code [0x000001e536b30920, 0x000001e536b30ee0]
Event: 90119.927 Thread 0x000001e58909abf0 27243       3       org.eclipse.jdt.ls.core.internal.semantictokens.SemanticTokensVisitor$$Lambda/0x000001e5488d5ed8::<init> (15 bytes)
Event: 90119.927 Thread 0x000001e58909abf0 nmethod 27243 0x000001e536b31190 code [0x000001e536b31340, 0x000001e536b314d8]
Event: 90119.959 Thread 0x000001e589094fa0 27244       4       lombok.eclipse.handlers.HandleConstructor::createConstructor (1185 bytes)
Event: 90120.054 Thread 0x000001e58909abf0 27245       3       org.eclipse.jdt.core.dom.ASTConverter::convert (125 bytes)
Event: 90120.067 Thread 0x000001e58909abf0 nmethod 27245 0x000001e536b31590 code [0x000001e536b317c0, 0x000001e536b31ff0]
Event: 90120.067 Thread 0x000001e58909abf0 27246       3       org.eclipse.jdt.internal.corext.refactoring.code.flow.FlowInfo::get (86 bytes)
Event: 90120.069 Thread 0x000001e58909abf0 nmethod 27246 0x000001e536b32310 code [0x000001e536b32560, 0x000001e536b33288]
Event: 90120.069 Thread 0x000001e58909abf0 27247       3       org.eclipse.jdt.core.dom.VariableBinding::getType (30 bytes)
Event: 90120.069 Thread 0x000001e58909abf0 nmethod 27247 0x000001e536b33710 code [0x000001e536b338c0, 0x000001e536b33b08]

GC Heap History (20 events):
Event: 90065.678 GC heap before
{Heap before GC invocations=2906 (full 5):
 PSYoungGen      total 8192K, used 7930K [0x00000000d5580000, 0x00000000d5f00000, 0x0000000100000000)
  eden space 7168K, 100% used [0x00000000d5580000,0x00000000d5c80000,0x00000000d5c80000)
  from space 1024K, 74% used [0x00000000d5e00000,0x00000000d5ebe900,0x00000000d5f00000)
  to   space 1024K, 0% used [0x00000000d5c80000,0x00000000d5c80000,0x00000000d5d80000)
 ParOldGen       total 1171968K, used 727336K [0x0000000080000000, 0x00000000c7880000, 0x00000000d5580000)
  object space 1171968K, 62% used [0x0000000080000000,0x00000000ac64a3b0,0x00000000c7880000)
 Metaspace       used 94992K, committed 96704K, reserved 1179648K
  class space    used 9427K, committed 10176K, reserved 1048576K
}
Event: 90065.683 GC heap after
{Heap after GC invocations=2906 (full 5):
 PSYoungGen      total 8192K, used 768K [0x00000000d5580000, 0x00000000d5e80000, 0x0000000100000000)
  eden space 7168K, 0% used [0x00000000d5580000,0x00000000d5580000,0x00000000d5c80000)
  from space 1024K, 75% used [0x00000000d5c80000,0x00000000d5d40000,0x00000000d5d80000)
  to   space 1024K, 0% used [0x00000000d5d80000,0x00000000d5d80000,0x00000000d5e80000)
 ParOldGen       total 1171968K, used 727970K [0x0000000080000000, 0x00000000c7880000, 0x00000000d5580000)
  object space 1171968K, 62% used [0x0000000080000000,0x00000000ac6e8850,0x00000000c7880000)
 Metaspace       used 94992K, committed 96704K, reserved 1179648K
  class space    used 9427K, committed 10176K, reserved 1048576K
}
Event: 90065.746 GC heap before
{Heap before GC invocations=2907 (full 5):
 PSYoungGen      total 8192K, used 7936K [0x00000000d5580000, 0x00000000d5e80000, 0x0000000100000000)
  eden space 7168K, 100% used [0x00000000d5580000,0x00000000d5c80000,0x00000000d5c80000)
  from space 1024K, 75% used [0x00000000d5c80000,0x00000000d5d40000,0x00000000d5d80000)
  to   space 1024K, 0% used [0x00000000d5d80000,0x00000000d5d80000,0x00000000d5e80000)
 ParOldGen       total 1171968K, used 727970K [0x0000000080000000, 0x00000000c7880000, 0x00000000d5580000)
  object space 1171968K, 62% used [0x0000000080000000,0x00000000ac6e8850,0x00000000c7880000)
 Metaspace       used 94992K, committed 96704K, reserved 1179648K
  class space    used 9427K, committed 10176K, reserved 1048576K
}
Event: 90065.752 GC heap after
{Heap after GC invocations=2907 (full 5):
 PSYoungGen      total 7680K, used 992K [0x00000000d5580000, 0x00000000d5f80000, 0x0000000100000000)
  eden space 6656K, 0% used [0x00000000d5580000,0x00000000d5580000,0x00000000d5c00000)
  from space 1024K, 96% used [0x00000000d5d80000,0x00000000d5e78000,0x00000000d5e80000)
  to   space 1536K, 0% used [0x00000000d5c00000,0x00000000d5c00000,0x00000000d5d80000)
 ParOldGen       total 1171968K, used 728494K [0x0000000080000000, 0x00000000c7880000, 0x00000000d5580000)
  object space 1171968K, 62% used [0x0000000080000000,0x00000000ac76b880,0x00000000c7880000)
 Metaspace       used 94992K, committed 96704K, reserved 1179648K
  class space    used 9427K, committed 10176K, reserved 1048576K
}
Event: 90066.965 GC heap before
{Heap before GC invocations=2908 (full 5):
 PSYoungGen      total 7680K, used 7648K [0x00000000d5580000, 0x00000000d5f80000, 0x0000000100000000)
  eden space 6656K, 100% used [0x00000000d5580000,0x00000000d5c00000,0x00000000d5c00000)
  from space 1024K, 96% used [0x00000000d5d80000,0x00000000d5e78000,0x00000000d5e80000)
  to   space 1536K, 0% used [0x00000000d5c00000,0x00000000d5c00000,0x00000000d5d80000)
 ParOldGen       total 1171968K, used 728494K [0x0000000080000000, 0x00000000c7880000, 0x00000000d5580000)
  object space 1171968K, 62% used [0x0000000080000000,0x00000000ac76b880,0x00000000c7880000)
 Metaspace       used 95003K, committed 96704K, reserved 1179648K
  class space    used 9427K, committed 10176K, reserved 1048576K
}
Event: 90066.972 GC heap after
{Heap after GC invocations=2908 (full 5):
 PSYoungGen      total 7680K, used 928K [0x00000000d5580000, 0x00000000d5e00000, 0x0000000100000000)
  eden space 6656K, 0% used [0x00000000d5580000,0x00000000d5580000,0x00000000d5c00000)
  from space 1024K, 90% used [0x00000000d5c00000,0x00000000d5ce8000,0x00000000d5d00000)
  to   space 1024K, 0% used [0x00000000d5d00000,0x00000000d5d00000,0x00000000d5e00000)
 ParOldGen       total 1171968K, used 729332K [0x0000000080000000, 0x00000000c7880000, 0x00000000d5580000)
  object space 1171968K, 62% used [0x0000000080000000,0x00000000ac83d008,0x00000000c7880000)
 Metaspace       used 95003K, committed 96704K, reserved 1179648K
  class space    used 9427K, committed 10176K, reserved 1048576K
}
Event: 90067.012 GC heap before
{Heap before GC invocations=2909 (full 5):
 PSYoungGen      total 7680K, used 7584K [0x00000000d5580000, 0x00000000d5e00000, 0x0000000100000000)
  eden space 6656K, 100% used [0x00000000d5580000,0x00000000d5c00000,0x00000000d5c00000)
  from space 1024K, 90% used [0x00000000d5c00000,0x00000000d5ce8000,0x00000000d5d00000)
  to   space 1024K, 0% used [0x00000000d5d00000,0x00000000d5d00000,0x00000000d5e00000)
 ParOldGen       total 1171968K, used 729332K [0x0000000080000000, 0x00000000c7880000, 0x00000000d5580000)
  object space 1171968K, 62% used [0x0000000080000000,0x00000000ac83d008,0x00000000c7880000)
 Metaspace       used 95005K, committed 96704K, reserved 1179648K
  class space    used 9427K, committed 10176K, reserved 1048576K
}
Event: 90067.016 GC heap after
{Heap after GC invocations=2909 (full 5):
 PSYoungGen      total 7680K, used 852K [0x00000000d5580000, 0x00000000d5e00000, 0x0000000100000000)
  eden space 6656K, 0% used [0x00000000d5580000,0x00000000d5580000,0x00000000d5c00000)
  from space 1024K, 83% used [0x00000000d5d00000,0x00000000d5dd5200,0x00000000d5e00000)
  to   space 1024K, 0% used [0x00000000d5c00000,0x00000000d5c00000,0x00000000d5d00000)
 ParOldGen       total 1171968K, used 730030K [0x0000000080000000, 0x00000000c7880000, 0x00000000d5580000)
  object space 1171968K, 62% used [0x0000000080000000,0x00000000ac8ebae0,0x00000000c7880000)
 Metaspace       used 95005K, committed 96704K, reserved 1179648K
  class space    used 9427K, committed 10176K, reserved 1048576K
}
Event: 90067.024 GC heap before
{Heap before GC invocations=2910 (full 5):
 PSYoungGen      total 7680K, used 7508K [0x00000000d5580000, 0x00000000d5e00000, 0x0000000100000000)
  eden space 6656K, 100% used [0x00000000d5580000,0x00000000d5c00000,0x00000000d5c00000)
  from space 1024K, 83% used [0x00000000d5d00000,0x00000000d5dd5200,0x00000000d5e00000)
  to   space 1024K, 0% used [0x00000000d5c00000,0x00000000d5c00000,0x00000000d5d00000)
 ParOldGen       total 1171968K, used 730030K [0x0000000080000000, 0x00000000c7880000, 0x00000000d5580000)
  object space 1171968K, 62% used [0x0000000080000000,0x00000000ac8ebae0,0x00000000c7880000)
 Metaspace       used 95005K, committed 96704K, reserved 1179648K
  class space    used 9427K, committed 10176K, reserved 1048576K
}
Event: 90067.028 GC heap after
{Heap after GC invocations=2910 (full 5):
 PSYoungGen      total 7680K, used 640K [0x00000000d5580000, 0x00000000d5e00000, 0x0000000100000000)
  eden space 6656K, 0% used [0x00000000d5580000,0x00000000d5580000,0x00000000d5c00000)
  from space 1024K, 62% used [0x00000000d5c00000,0x00000000d5ca0000,0x00000000d5d00000)
  to   space 1024K, 0% used [0x00000000d5d00000,0x00000000d5d00000,0x00000000d5e00000)
 ParOldGen       total 1171968K, used 730663K [0x0000000080000000, 0x00000000c7880000, 0x00000000d5580000)
  object space 1171968K, 62% used [0x0000000080000000,0x00000000ac989d00,0x00000000c7880000)
 Metaspace       used 95005K, committed 96704K, reserved 1179648K
  class space    used 9427K, committed 10176K, reserved 1048576K
}
Event: 90067.048 GC heap before
{Heap before GC invocations=2911 (full 5):
 PSYoungGen      total 7680K, used 7296K [0x00000000d5580000, 0x00000000d5e00000, 0x0000000100000000)
  eden space 6656K, 100% used [0x00000000d5580000,0x00000000d5c00000,0x00000000d5c00000)
  from space 1024K, 62% used [0x00000000d5c00000,0x00000000d5ca0000,0x00000000d5d00000)
  to   space 1024K, 0% used [0x00000000d5d00000,0x00000000d5d00000,0x00000000d5e00000)
 ParOldGen       total 1171968K, used 730663K [0x0000000080000000, 0x00000000c7880000, 0x00000000d5580000)
  object space 1171968K, 62% used [0x0000000080000000,0x00000000ac989d00,0x00000000c7880000)
 Metaspace       used 95005K, committed 96704K, reserved 1179648K
  class space    used 9427K, committed 10176K, reserved 1048576K
}
Event: 90067.052 GC heap after
{Heap after GC invocations=2911 (full 5):
 PSYoungGen      total 7680K, used 960K [0x00000000d5580000, 0x00000000d5e00000, 0x0000000100000000)
  eden space 6656K, 0% used [0x00000000d5580000,0x00000000d5580000,0x00000000d5c00000)
  from space 1024K, 93% used [0x00000000d5d00000,0x00000000d5df0000,0x00000000d5e00000)
  to   space 1024K, 0% used [0x00000000d5c00000,0x00000000d5c00000,0x00000000d5d00000)
 ParOldGen       total 1171968K, used 731171K [0x0000000080000000, 0x00000000c7880000, 0x00000000d5580000)
  object space 1171968K, 62% used [0x0000000080000000,0x00000000aca08d30,0x00000000c7880000)
 Metaspace       used 95005K, committed 96704K, reserved 1179648K
  class space    used 9427K, committed 10176K, reserved 1048576K
}
Event: 90119.180 GC heap before
{Heap before GC invocations=2912 (full 5):
 PSYoungGen      total 7680K, used 7615K [0x00000000d5580000, 0x00000000d5e00000, 0x0000000100000000)
  eden space 6656K, 99% used [0x00000000d5580000,0x00000000d5bffda8,0x00000000d5c00000)
  from space 1024K, 93% used [0x00000000d5d00000,0x00000000d5df0000,0x00000000d5e00000)
  to   space 1024K, 0% used [0x00000000d5c00000,0x00000000d5c00000,0x00000000d5d00000)
 ParOldGen       total 1171968K, used 731171K [0x0000000080000000, 0x00000000c7880000, 0x00000000d5580000)
  object space 1171968K, 62% used [0x0000000080000000,0x00000000aca08d30,0x00000000c7880000)
 Metaspace       used 95010K, committed 96704K, reserved 1179648K
  class space    used 9427K, committed 10176K, reserved 1048576K
}
Event: 90119.432 GC heap after
{Heap after GC invocations=2912 (full 5):
 PSYoungGen      total 7680K, used 832K [0x00000000d5580000, 0x00000000d5e00000, 0x0000000100000000)
  eden space 6656K, 0% used [0x00000000d5580000,0x00000000d5580000,0x00000000d5c00000)
  from space 1024K, 81% used [0x00000000d5c00000,0x00000000d5cd0000,0x00000000d5d00000)
  to   space 1024K, 0% used [0x00000000d5d00000,0x00000000d5d00000,0x00000000d5e00000)
 ParOldGen       total 1171968K, used 731957K [0x0000000080000000, 0x00000000c7880000, 0x00000000d5580000)
  object space 1171968K, 62% used [0x0000000080000000,0x00000000acacd4a8,0x00000000c7880000)
 Metaspace       used 95010K, committed 96704K, reserved 1179648K
  class space    used 9427K, committed 10176K, reserved 1048576K
}
Event: 90119.648 GC heap before
{Heap before GC invocations=2913 (full 5):
 PSYoungGen      total 7680K, used 7488K [0x00000000d5580000, 0x00000000d5e00000, 0x0000000100000000)
  eden space 6656K, 100% used [0x00000000d5580000,0x00000000d5c00000,0x00000000d5c00000)
  from space 1024K, 81% used [0x00000000d5c00000,0x00000000d5cd0000,0x00000000d5d00000)
  to   space 1024K, 0% used [0x00000000d5d00000,0x00000000d5d00000,0x00000000d5e00000)
 ParOldGen       total 1171968K, used 731957K [0x0000000080000000, 0x00000000c7880000, 0x00000000d5580000)
  object space 1171968K, 62% used [0x0000000080000000,0x00000000acacd4a8,0x00000000c7880000)
 Metaspace       used 95010K, committed 96704K, reserved 1179648K
  class space    used 9427K, committed 10176K, reserved 1048576K
}
Event: 90119.652 GC heap after
{Heap after GC invocations=2913 (full 5):
 PSYoungGen      total 7680K, used 762K [0x00000000d5580000, 0x00000000d5e00000, 0x0000000100000000)
  eden space 6656K, 0% used [0x00000000d5580000,0x00000000d5580000,0x00000000d5c00000)
  from space 1024K, 74% used [0x00000000d5d00000,0x00000000d5dbe900,0x00000000d5e00000)
  to   space 1024K, 0% used [0x00000000d5c00000,0x00000000d5c00000,0x00000000d5d00000)
 ParOldGen       total 1171968K, used 732699K [0x0000000080000000, 0x00000000c7880000, 0x00000000d5580000)
  object space 1171968K, 62% used [0x0000000080000000,0x00000000acb86fa0,0x00000000c7880000)
 Metaspace       used 95010K, committed 96704K, reserved 1179648K
  class space    used 9427K, committed 10176K, reserved 1048576K
}
Event: 90119.699 GC heap before
{Heap before GC invocations=2914 (full 5):
 PSYoungGen      total 7680K, used 7418K [0x00000000d5580000, 0x00000000d5e00000, 0x0000000100000000)
  eden space 6656K, 100% used [0x00000000d5580000,0x00000000d5c00000,0x00000000d5c00000)
  from space 1024K, 74% used [0x00000000d5d00000,0x00000000d5dbe900,0x00000000d5e00000)
  to   space 1024K, 0% used [0x00000000d5c00000,0x00000000d5c00000,0x00000000d5d00000)
 ParOldGen       total 1171968K, used 732699K [0x0000000080000000, 0x00000000c7880000, 0x00000000d5580000)
  object space 1171968K, 62% used [0x0000000080000000,0x00000000acb86fa0,0x00000000c7880000)
 Metaspace       used 95010K, committed 96704K, reserved 1179648K
  class space    used 9427K, committed 10176K, reserved 1048576K
}
Event: 90119.702 GC heap after
{Heap after GC invocations=2914 (full 5):
 PSYoungGen      total 7680K, used 704K [0x00000000d5580000, 0x00000000d5e00000, 0x0000000100000000)
  eden space 6656K, 0% used [0x00000000d5580000,0x00000000d5580000,0x00000000d5c00000)
  from space 1024K, 68% used [0x00000000d5c00000,0x00000000d5cb0000,0x00000000d5d00000)
  to   space 1024K, 0% used [0x00000000d5d00000,0x00000000d5d00000,0x00000000d5e00000)
 ParOldGen       total 1171968K, used 733332K [0x0000000080000000, 0x00000000c7880000, 0x00000000d5580000)
  object space 1171968K, 62% used [0x0000000080000000,0x00000000acc251c0,0x00000000c7880000)
 Metaspace       used 95010K, committed 96704K, reserved 1179648K
  class space    used 9427K, committed 10176K, reserved 1048576K
}
Event: 90119.944 GC heap before
{Heap before GC invocations=2915 (full 5):
 PSYoungGen      total 7680K, used 7360K [0x00000000d5580000, 0x00000000d5e00000, 0x0000000100000000)
  eden space 6656K, 100% used [0x00000000d5580000,0x00000000d5c00000,0x00000000d5c00000)
  from space 1024K, 68% used [0x00000000d5c00000,0x00000000d5cb0000,0x00000000d5d00000)
  to   space 1024K, 0% used [0x00000000d5d00000,0x00000000d5d00000,0x00000000d5e00000)
 ParOldGen       total 1171968K, used 733332K [0x0000000080000000, 0x00000000c7880000, 0x00000000d5580000)
  object space 1171968K, 62% used [0x0000000080000000,0x00000000acc251c0,0x00000000c7880000)
 Metaspace       used 95011K, committed 96704K, reserved 1179648K
  class space    used 9427K, committed 10176K, reserved 1048576K
}
Event: 90119.950 GC heap after
{Heap after GC invocations=2915 (full 5):
 PSYoungGen      total 7680K, used 928K [0x00000000d5580000, 0x00000000d5e00000, 0x0000000100000000)
  eden space 6656K, 0% used [0x00000000d5580000,0x00000000d5580000,0x00000000d5c00000)
  from space 1024K, 90% used [0x00000000d5d00000,0x00000000d5de8000,0x00000000d5e00000)
  to   space 1024K, 0% used [0x00000000d5c00000,0x00000000d5c00000,0x00000000d5d00000)
 ParOldGen       total 1171968K, used 733824K [0x0000000080000000, 0x00000000c7880000, 0x00000000d5580000)
  object space 1171968K, 62% used [0x0000000080000000,0x00000000acca01f0,0x00000000c7880000)
 Metaspace       used 95011K, committed 96704K, reserved 1179648K
  class space    used 9427K, committed 10176K, reserved 1048576K
}

Dll operation events (14 events):
Event: 0.011 Loaded shared library c:\Users\Asus\.vscode\extensions\redhat.java-1.43.0-win32-x64\jre\21.0.7-win32-x86_64\bin\java.dll
Event: 0.039 Loaded shared library c:\Users\Asus\.vscode\extensions\redhat.java-1.43.0-win32-x64\jre\21.0.7-win32-x86_64\bin\zip.dll
Event: 0.099 Loaded shared library C:\Users\Asus\.vscode\extensions\redhat.java-1.43.0-win32-x64\jre\21.0.7-win32-x86_64\bin\instrument.dll
Event: 0.103 Loaded shared library C:\Users\Asus\.vscode\extensions\redhat.java-1.43.0-win32-x64\jre\21.0.7-win32-x86_64\bin\net.dll
Event: 0.107 Loaded shared library C:\Users\Asus\.vscode\extensions\redhat.java-1.43.0-win32-x64\jre\21.0.7-win32-x86_64\bin\nio.dll
Event: 0.110 Loaded shared library C:\Users\Asus\.vscode\extensions\redhat.java-1.43.0-win32-x64\jre\21.0.7-win32-x86_64\bin\zip.dll
Event: 0.132 Loaded shared library C:\Users\Asus\.vscode\extensions\redhat.java-1.43.0-win32-x64\jre\21.0.7-win32-x86_64\bin\jimage.dll
Event: 0.239 Loaded shared library c:\Users\Asus\.vscode\extensions\redhat.java-1.43.0-win32-x64\jre\21.0.7-win32-x86_64\bin\verify.dll
Event: 7.524 Loaded shared library C:\Users\Asus\AppData\Roaming\Code\User\globalStorage\redhat.java\1.43.0\config_win\org.eclipse.equinox.launcher\org.eclipse.equinox.launcher.win32.win32.x86_64_1.2.1300.v20250331-1702\eclipse_11911.dll
Event: 16.372 Loaded shared library C:\Users\Asus\.vscode\extensions\redhat.java-1.43.0-win32-x64\jre\21.0.7-win32-x86_64\bin\management.dll
Event: 16.383 Loaded shared library C:\Users\Asus\.vscode\extensions\redhat.java-1.43.0-win32-x64\jre\21.0.7-win32-x86_64\bin\management_ext.dll
Event: 18.127 Loaded shared library C:\Users\Asus\AppData\Local\Temp\jna-2050672\jna12111863767578841468.dll
Event: 18.841 Loaded shared library C:\Users\Asus\.vscode\extensions\redhat.java-1.43.0-win32-x64\jre\21.0.7-win32-x86_64\bin\sunmscapi.dll
Event: 18.993 Loaded shared library C:\Users\Asus\.vscode\extensions\redhat.java-1.43.0-win32-x64\jre\21.0.7-win32-x86_64\bin\extnet.dll

Deoptimization events (20 events):
Event: 90012.865 Thread 0x000001e5a59e1210 Uncommon trap: trap_request=0xffffff6e fr.pc=0x000001e53ccf8e2c relative=0x000000000000052c
Event: 90012.865 Thread 0x000001e5a59e1210 Uncommon trap: reason=loop_limit_check action=maybe_recompile pc=0x000001e53ccf8e2c method=org.eclipse.jdt.internal.compiler.lookup.LookupEnvironment.completeTypeBindings()V @ 104 c2
Event: 90012.866 Thread 0x000001e5a59e1210 DEOPT PACKING pc=0x000001e53ccf8e2c sp=0x000000da3acfe390
Event: 90012.868 Thread 0x000001e5a59e1210 DEOPT UNPACKING pc=0x000001e53a8b3aa2 sp=0x000000da3acfe328 mode 2
Event: 90065.357 Thread 0x000001e591297c70 Uncommon trap: trap_request=0xffffffd6 fr.pc=0x000001e53ccfe738 relative=0x0000000000000d18
Event: 90065.357 Thread 0x000001e591297c70 Uncommon trap: reason=array_check action=maybe_recompile pc=0x000001e53ccfe738 method=org.eclipse.jdt.internal.corext.refactoring.code.flow.FlowContext.manageLocal(Lorg/eclipse/jdt/core/dom/IVariableBinding;)V @ 34 c2
Event: 90065.357 Thread 0x000001e591297c70 DEOPT PACKING pc=0x000001e53ccfe738 sp=0x000000da3f2fe0d0
Event: 90065.358 Thread 0x000001e591297c70 DEOPT UNPACKING pc=0x000001e53a8b3aa2 sp=0x000000da3f2fdf98 mode 2
Event: 90065.359 Thread 0x000001e591297c70 Uncommon trap: trap_request=0xffffffd6 fr.pc=0x000001e53ccfe738 relative=0x0000000000000d18
Event: 90065.359 Thread 0x000001e591297c70 Uncommon trap: reason=array_check action=maybe_recompile pc=0x000001e53ccfe738 method=org.eclipse.jdt.internal.corext.refactoring.code.flow.FlowContext.manageLocal(Lorg/eclipse/jdt/core/dom/IVariableBinding;)V @ 34 c2
Event: 90065.359 Thread 0x000001e591297c70 DEOPT PACKING pc=0x000001e53ccfe738 sp=0x000000da3f2fe1e0
Event: 90065.359 Thread 0x000001e591297c70 DEOPT UNPACKING pc=0x000001e53a8b3aa2 sp=0x000000da3f2fe0a8 mode 2
Event: 90065.359 Thread 0x000001e591297c70 Uncommon trap: trap_request=0xffffffd6 fr.pc=0x000001e53ccfe738 relative=0x0000000000000d18
Event: 90065.359 Thread 0x000001e591297c70 Uncommon trap: reason=array_check action=maybe_recompile pc=0x000001e53ccfe738 method=org.eclipse.jdt.internal.corext.refactoring.code.flow.FlowContext.manageLocal(Lorg/eclipse/jdt/core/dom/IVariableBinding;)V @ 34 c2
Event: 90065.359 Thread 0x000001e591297c70 DEOPT PACKING pc=0x000001e53ccfe738 sp=0x000000da3f2fe3d0
Event: 90065.359 Thread 0x000001e591297c70 DEOPT UNPACKING pc=0x000001e53a8b3aa2 sp=0x000000da3f2fe298 mode 2
Event: 90065.359 Thread 0x000001e591297c70 Uncommon trap: trap_request=0xffffffd6 fr.pc=0x000001e53ccfe738 relative=0x0000000000000d18
Event: 90065.359 Thread 0x000001e591297c70 Uncommon trap: reason=array_check action=maybe_recompile pc=0x000001e53ccfe738 method=org.eclipse.jdt.internal.corext.refactoring.code.flow.FlowContext.manageLocal(Lorg/eclipse/jdt/core/dom/IVariableBinding;)V @ 34 c2
Event: 90065.359 Thread 0x000001e591297c70 DEOPT PACKING pc=0x000001e53ccfe738 sp=0x000000da3f2fe4e0
Event: 90065.359 Thread 0x000001e591297c70 DEOPT UNPACKING pc=0x000001e53a8b3aa2 sp=0x000000da3f2fe3a8 mode 2

Classes loaded (20 events):
Event: 262.251 Loading class java/util/concurrent/CompletableFuture$UniWhenComplete
Event: 262.252 Loading class java/util/concurrent/CompletableFuture$UniWhenComplete done
Event: 262.252 Loading class java/util/concurrent/CompletableFuture$UniCompose
Event: 262.253 Loading class java/util/concurrent/CompletableFuture$UniCompose done
Event: 262.253 Loading class java/util/concurrent/CompletableFuture$UniRelay
Event: 262.253 Loading class java/util/concurrent/CompletableFuture$UniRelay done
Event: 263.096 Loading class java/util/concurrent/ScheduledThreadPoolExecutor$DelayedWorkQueue$Itr
Event: 263.096 Loading class java/util/concurrent/ScheduledThreadPoolExecutor$DelayedWorkQueue$Itr done
Event: 263.294 Loading class java/lang/ProcessHandleImpl$ExitCompletion
Event: 263.294 Loading class java/lang/ProcessHandleImpl$ExitCompletion done
Event: 263.294 Loading class java/lang/ProcessHandleImpl$1
Event: 263.295 Loading class java/lang/ProcessHandleImpl$1 done
Event: 263.296 Loading class java/util/concurrent/CompletableFuture$UniHandle
Event: 263.296 Loading class java/util/concurrent/CompletableFuture$UniHandle done
Event: 82715.228 Loading class jdk/internal/module/IllegalAccessLogger
Event: 82715.231 Loading class jdk/internal/module/IllegalAccessLogger done
Event: 82885.643 Loading class java/util/stream/ReferencePipeline$15
Event: 82885.645 Loading class java/util/stream/ReferencePipeline$15 done
Event: 82885.649 Loading class java/util/stream/ReferencePipeline$15$1
Event: 82885.650 Loading class java/util/stream/ReferencePipeline$15$1 done

Classes unloaded (20 events):
Event: 82729.122 Thread 0x000001e5301b4860 Unloading class 0x000001e548016400 'java/lang/invoke/LambdaForm$MH+0x000001e548016400'
Event: 82729.122 Thread 0x000001e5301b4860 Unloading class 0x000001e548014800 'java/lang/invoke/LambdaForm$MH+0x000001e548014800'
Event: 82729.122 Thread 0x000001e5301b4860 Unloading class 0x000001e54800d800 'java/lang/invoke/LambdaForm$MH+0x000001e54800d800'
Event: 82729.122 Thread 0x000001e5301b4860 Unloading class 0x000001e54800d400 'java/lang/invoke/LambdaForm$MH+0x000001e54800d400'
Event: 82729.122 Thread 0x000001e5301b4860 Unloading class 0x000001e54800d000 'java/lang/invoke/LambdaForm$MH+0x000001e54800d000'
Event: 82729.122 Thread 0x000001e5301b4860 Unloading class 0x000001e54800cc00 'java/lang/invoke/LambdaForm$MH+0x000001e54800cc00'
Event: 82729.122 Thread 0x000001e5301b4860 Unloading class 0x000001e54800c800 'java/lang/invoke/LambdaForm$BMH+0x000001e54800c800'
Event: 82729.122 Thread 0x000001e5301b4860 Unloading class 0x000001e54800c000 'java/lang/invoke/LambdaForm$DMH+0x000001e54800c000'
Event: 82729.122 Thread 0x000001e5301b4860 Unloading class 0x000001e548008400 'java/lang/invoke/LambdaForm$MH+0x000001e548008400'
Event: 82729.122 Thread 0x000001e5301b4860 Unloading class 0x000001e548008000 'java/lang/invoke/LambdaForm$MH+0x000001e548008000'
Event: 82729.122 Thread 0x000001e5301b4860 Unloading class 0x000001e548007c00 'java/lang/invoke/LambdaForm$MH+0x000001e548007c00'
Event: 82729.123 Thread 0x000001e5301b4860 Unloading class 0x000001e548006800 'java/lang/invoke/LambdaForm$MH+0x000001e548006800'
Event: 82729.123 Thread 0x000001e5301b4860 Unloading class 0x000001e548006000 'java/lang/invoke/LambdaForm$MH+0x000001e548006000'
Event: 82729.123 Thread 0x000001e5301b4860 Unloading class 0x000001e548005c00 'java/lang/invoke/LambdaForm$MH+0x000001e548005c00'
Event: 82729.123 Thread 0x000001e5301b4860 Unloading class 0x000001e548005800 'java/lang/invoke/LambdaForm$MH+0x000001e548005800'
Event: 82729.123 Thread 0x000001e5301b4860 Unloading class 0x000001e548005400 'java/lang/invoke/LambdaForm$BMH+0x000001e548005400'
Event: 82729.123 Thread 0x000001e5301b4860 Unloading class 0x000001e548004000 'java/lang/invoke/LambdaForm$DMH+0x000001e548004000'
Event: 82729.123 Thread 0x000001e5301b4860 Unloading class 0x000001e548002400 'java/lang/invoke/LambdaForm$MH+0x000001e548002400'
Event: 82729.123 Thread 0x000001e5301b4860 Unloading class 0x000001e548002000 'java/lang/invoke/LambdaForm$MH+0x000001e548002000'
Event: 82729.123 Thread 0x000001e5301b4860 Unloading class 0x000001e548001800 'java/lang/invoke/LambdaForm$MH+0x000001e548001800'

Classes redefined (0 events):
No events

Internal exceptions (20 events):
Event: 88063.668 Thread 0x000001e591118b60 Exception <a 'sun/nio/fs/WindowsException'{0x00000000d566e5d0}> (0x00000000d566e5d0) 
thrown [s\src\hotspot\share\prims\jni.cpp, line 520]
Event: 88063.668 Thread 0x000001e591118b60 Exception <a 'sun/nio/fs/WindowsException'{0x00000000d566f108}> (0x00000000d566f108) 
thrown [s\src\hotspot\share\prims\jni.cpp, line 520]
Event: 88063.986 Thread 0x000001e591291370 Exception <a 'sun/nio/fs/WindowsException'{0x00000000d5684aa8}> (0x00000000d5684aa8) 
thrown [s\src\hotspot\share\prims\jni.cpp, line 520]
Event: 88063.986 Thread 0x000001e591291370 Exception <a 'sun/nio/fs/WindowsException'{0x00000000d5685118}> (0x00000000d5685118) 
thrown [s\src\hotspot\share\prims\jni.cpp, line 520]
Event: 88141.574 Thread 0x000001e591292db0 Exception <a 'sun/nio/fs/WindowsException'{0x00000000d5953ce8}> (0x00000000d5953ce8) 
thrown [s\src\hotspot\share\prims\jni.cpp, line 520]
Event: 88141.577 Thread 0x000001e591292db0 Exception <a 'sun/nio/fs/WindowsException'{0x00000000d5954ac0}> (0x00000000d5954ac0) 
thrown [s\src\hotspot\share\prims\jni.cpp, line 520]
Event: 88141.580 Thread 0x000001e591292db0 Exception <a 'sun/nio/fs/WindowsException'{0x00000000d5955fc8}> (0x00000000d5955fc8) 
thrown [s\src\hotspot\share\prims\jni.cpp, line 520]
Event: 88141.580 Thread 0x000001e591292db0 Exception <a 'sun/nio/fs/WindowsException'{0x00000000d5956b00}> (0x00000000d5956b00) 
thrown [s\src\hotspot\share\prims\jni.cpp, line 520]
Event: 88141.584 Thread 0x000001e591292db0 Exception <a 'sun/nio/fs/WindowsException'{0x00000000d5958ca0}> (0x00000000d5958ca0) 
thrown [s\src\hotspot\share\prims\jni.cpp, line 520]
Event: 88141.584 Thread 0x000001e591292db0 Exception <a 'sun/nio/fs/WindowsException'{0x00000000d5959528}> (0x00000000d5959528) 
thrown [s\src\hotspot\share\prims\jni.cpp, line 520]
Event: 88141.664 Thread 0x000001e591292db0 Exception <a 'sun/nio/fs/WindowsException'{0x00000000d59848f0}> (0x00000000d59848f0) 
thrown [s\src\hotspot\share\prims\jni.cpp, line 520]
Event: 88141.665 Thread 0x000001e591292db0 Exception <a 'sun/nio/fs/WindowsException'{0x00000000d5985340}> (0x00000000d5985340) 
thrown [s\src\hotspot\share\prims\jni.cpp, line 520]
Event: 88142.265 Thread 0x000001e591291370 Exception <a 'sun/nio/fs/WindowsException'{0x00000000d59a7fe0}> (0x00000000d59a7fe0) 
thrown [s\src\hotspot\share\prims\jni.cpp, line 520]
Event: 88142.265 Thread 0x000001e591291370 Exception <a 'sun/nio/fs/WindowsException'{0x00000000d59a8650}> (0x00000000d59a8650) 
thrown [s\src\hotspot\share\prims\jni.cpp, line 520]
Event: 88416.035 Thread 0x000001e591290650 Implicit null exception at 0x000001e53c7f1aef to 0x000001e53c7f1eac
Event: 88558.718 Thread 0x000001e591297c70 Exception <a 'java/lang/NoSuchMethodError'{0x00000000d57f9da0}: 'java.lang.Object java.lang.invoke.DirectMethodHandle$Holder.invokeStatic(java.lang.Object, int, java.lang.Object)'> (0x00000000d57f9da0) 
thrown [s\src\hotspot\share\interpreter\linkResolver.cpp, line 773]
Event: 88559.414 Thread 0x000001e591297c70 Implicit null exception at 0x000001e53badb983 to 0x000001e53badb9e0
Event: 88973.562 Thread 0x000001e591292720 Implicit null exception at 0x000001e53baa509d to 0x000001e53baa68d8
Event: 89668.177 Thread 0x000001e591116a90 Exception <a 'java/lang/NoSuchMethodError'{0x00000000d5dee770}: 'void java.lang.invoke.DirectMethodHandle$Holder.invokeSpecial(java.lang.Object, java.lang.Object, int)'> (0x00000000d5dee770) 
thrown [s\src\hotspot\share\interpreter\linkResolver.cpp, line 773]
Event: 89668.544 Thread 0x000001e591116a90 Exception <a 'java/lang/NoSuchMethodError'{0x00000000d5816870}: 'int java.lang.invoke.DirectMethodHandle$Holder.invokeVirtual(java.lang.Object, java.lang.Object, java.lang.Object, int)'> (0x00000000d5816870) 
thrown [s\src\hotspot\share\interpreter\linkResolver.cpp, line 773]

ZGC Phase Switch (0 events):
No events

VM Operations (20 events):
Event: 90067.048 Executing VM operation: ParallelGCFailedAllocation (Allocation Failure)
Event: 90067.052 Executing VM operation: ParallelGCFailedAllocation (Allocation Failure) done
Event: 90068.055 Executing VM operation: Cleanup
Event: 90068.055 Executing VM operation: Cleanup done
Event: 90069.851 Executing VM operation: HandshakeAllThreads (HandshakeForDeflation)
Event: 90069.851 Executing VM operation: HandshakeAllThreads (HandshakeForDeflation) done
Event: 90069.851 Executing VM operation: RendezvousGCThreads
Event: 90069.851 Executing VM operation: RendezvousGCThreads done
Event: 90119.166 Executing VM operation: Cleanup
Event: 90119.167 Executing VM operation: Cleanup done
Event: 90119.179 Executing VM operation: ParallelGCFailedAllocation (Allocation Failure)
Event: 90119.432 Executing VM operation: ParallelGCFailedAllocation (Allocation Failure) done
Event: 90119.647 Executing VM operation: ParallelGCFailedAllocation (Allocation Failure)
Event: 90119.652 Executing VM operation: ParallelGCFailedAllocation (Allocation Failure) done
Event: 90119.699 Executing VM operation: ParallelGCFailedAllocation (Allocation Failure)
Event: 90119.702 Executing VM operation: ParallelGCFailedAllocation (Allocation Failure) done
Event: 90119.944 Executing VM operation: ParallelGCFailedAllocation (Allocation Failure)
Event: 90119.950 Executing VM operation: ParallelGCFailedAllocation (Allocation Failure) done
Event: 90120.958 Executing VM operation: Cleanup
Event: 90120.958 Executing VM operation: Cleanup done

Memory protections (0 events):
No events

Nmethod flushes (20 events):
Event: 82730.070 Thread 0x000001e5301b4860 flushing  nmethod 0x000001e535bd1010
Event: 82730.070 Thread 0x000001e5301b4860 flushing  nmethod 0x000001e535bd7690
Event: 82730.070 Thread 0x000001e5301b4860 flushing  nmethod 0x000001e535c11690
Event: 82730.070 Thread 0x000001e5301b4860 flushing  nmethod 0x000001e535c43290
Event: 82730.070 Thread 0x000001e5301b4860 flushing  nmethod 0x000001e535c43a10
Event: 82730.070 Thread 0x000001e5301b4860 flushing  nmethod 0x000001e535c53c10
Event: 82730.070 Thread 0x000001e5301b4860 flushing  nmethod 0x000001e535c5c210
Event: 82730.070 Thread 0x000001e5301b4860 flushing  nmethod 0x000001e535c94610
Event: 82730.070 Thread 0x000001e5301b4860 flushing  nmethod 0x000001e535caaf90
Event: 82730.071 Thread 0x000001e5301b4860 flushing  nmethod 0x000001e535cd4110
Event: 82730.072 Thread 0x000001e5301b4860 flushing  nmethod 0x000001e535d0a110
Event: 82730.072 Thread 0x000001e5301b4860 flushing  nmethod 0x000001e535d0be90
Event: 82730.072 Thread 0x000001e5301b4860 flushing  nmethod 0x000001e535d0d110
Event: 82730.072 Thread 0x000001e5301b4860 flushing  nmethod 0x000001e535d14110
Event: 82730.072 Thread 0x000001e5301b4860 flushing  nmethod 0x000001e535da0a90
Event: 82730.072 Thread 0x000001e5301b4860 flushing  nmethod 0x000001e535dae410
Event: 82730.072 Thread 0x000001e5301b4860 flushing  nmethod 0x000001e535e1e190
Event: 82730.072 Thread 0x000001e5301b4860 flushing  nmethod 0x000001e535e53810
Event: 82730.072 Thread 0x000001e5301b4860 flushing  nmethod 0x000001e535e90190
Event: 82730.072 Thread 0x000001e5301b4860 flushing  nmethod 0x000001e536551390

Events (20 events):
Event: 88994.541 Thread 0x000001e58f16f630 Thread exited: 0x000001e58f16f630
Event: 89034.313 Thread 0x000001e5911184d0 Thread exited: 0x000001e5911184d0
Event: 89034.317 Thread 0x000001e591118b60 Thread exited: 0x000001e591118b60
Event: 89064.250 Thread 0x000001e591117120 Thread exited: 0x000001e591117120
Event: 89097.250 Thread 0x000001e58909abf0 Thread added: 0x000001e58f16d420
Event: 89097.836 Thread 0x000001e58f16d420 Thread exited: 0x000001e58f16d420
Event: 89260.370 Thread 0x000001e5912975e0 Thread exited: 0x000001e5912975e0
Event: 89320.366 Thread 0x000001e591292720 Thread exited: 0x000001e591292720
Event: 89380.365 Thread 0x000001e591292db0 Thread exited: 0x000001e591292db0
Event: 89440.379 Thread 0x000001e591290650 Thread exited: 0x000001e591290650
Event: 89500.392 Thread 0x000001e591292090 Thread exited: 0x000001e591292090
Event: 89560.399 Thread 0x000001e591112f80 Thread exited: 0x000001e591112f80
Event: 89620.412 Thread 0x000001e591113ca0 Thread exited: 0x000001e591113ca0
Event: 89666.221 Thread 0x000001e58909abf0 Thread added: 0x000001e58f16e1c0
Event: 89673.234 Thread 0x000001e58f16e1c0 Thread exited: 0x000001e58f16e1c0
Event: 89762.183 Thread 0x000001e591113610 Thread exited: 0x000001e591113610
Event: 89822.121 Thread 0x000001e591116a90 Thread exited: 0x000001e591116a90
Event: 89882.221 Thread 0x000001e591115d70 Thread exited: 0x000001e591115d70
Event: 89955.230 Thread 0x000001e58f3d7bc0 Thread added: 0x000001e5a59e0b80
Event: 89955.786 Thread 0x000001e58f3d7bc0 Thread added: 0x000001e5a59e1210


Dynamic libraries:
0x00007ff6135e0000 - 0x00007ff6135ee000 	c:\Users\Asus\.vscode\extensions\redhat.java-1.43.0-win32-x64\jre\21.0.7-win32-x86_64\bin\java.exe
0x00007ffd110a0000 - 0x00007ffd11305000 	C:\WINDOWS\SYSTEM32\ntdll.dll
0x00007ffd10310000 - 0x00007ffd103d9000 	C:\WINDOWS\System32\KERNEL32.DLL
0x00007ffd0e430000 - 0x00007ffd0e818000 	C:\WINDOWS\System32\KERNELBASE.dll
0x00007ffd0e9a0000 - 0x00007ffd0eaeb000 	C:\WINDOWS\System32\ucrtbase.dll
0x00007ffcf8d60000 - 0x00007ffcf8d78000 	c:\Users\Asus\.vscode\extensions\redhat.java-1.43.0-win32-x64\jre\21.0.7-win32-x86_64\bin\jli.dll
0x00007ffcf6f60000 - 0x00007ffcf6f7e000 	c:\Users\Asus\.vscode\extensions\redhat.java-1.43.0-win32-x64\jre\21.0.7-win32-x86_64\bin\VCRUNTIME140.dll
0x00007ffd10e90000 - 0x00007ffd1105a000 	C:\WINDOWS\System32\USER32.dll
0x00007ffcf2e90000 - 0x00007ffcf312a000 	C:\WINDOWS\WinSxS\amd64_microsoft.windows.common-controls_6595b64144ccf1df_6.0.26100.4202_none_3e0698d4e335f517\COMCTL32.dll
0x00007ffd0e370000 - 0x00007ffd0e397000 	C:\WINDOWS\System32\win32u.dll
0x00007ffd0f140000 - 0x00007ffd0f16b000 	C:\WINDOWS\System32\GDI32.dll
0x00007ffd10d90000 - 0x00007ffd10e39000 	C:\WINDOWS\System32\msvcrt.dll
0x00007ffd0ec40000 - 0x00007ffd0ed77000 	C:\WINDOWS\System32\gdi32full.dll
0x00007ffd0eaf0000 - 0x00007ffd0eb93000 	C:\WINDOWS\System32\msvcp_win.dll
0x00007ffd103e0000 - 0x00007ffd10410000 	C:\WINDOWS\System32\IMM32.DLL
0x00007ffcf8f40000 - 0x00007ffcf8f4c000 	c:\Users\Asus\.vscode\extensions\redhat.java-1.43.0-win32-x64\jre\21.0.7-win32-x86_64\bin\vcruntime140_1.dll
0x00007ffcb6600000 - 0x00007ffcb668d000 	c:\Users\Asus\.vscode\extensions\redhat.java-1.43.0-win32-x64\jre\21.0.7-win32-x86_64\bin\msvcp140.dll
0x00007ffc2a3b0000 - 0x00007ffc2b140000 	c:\Users\Asus\.vscode\extensions\redhat.java-1.43.0-win32-x64\jre\21.0.7-win32-x86_64\bin\server\jvm.dll
0x00007ffd0fba0000 - 0x00007ffd0fc53000 	C:\WINDOWS\System32\ADVAPI32.dll
0x00007ffd10cd0000 - 0x00007ffd10d76000 	C:\WINDOWS\System32\sechost.dll
0x00007ffd104a0000 - 0x00007ffd105b5000 	C:\WINDOWS\System32\RPCRT4.dll
0x00007ffd0f0b0000 - 0x00007ffd0f124000 	C:\WINDOWS\System32\WS2_32.dll
0x00007ffd0ce30000 - 0x00007ffd0ce8e000 	C:\WINDOWS\SYSTEM32\POWRPROF.dll
0x00007ffd06d00000 - 0x00007ffd06d0b000 	C:\WINDOWS\SYSTEM32\VERSION.dll
0x00007ffcfcca0000 - 0x00007ffcfccd5000 	C:\WINDOWS\SYSTEM32\WINMM.dll
0x00007ffd0ce10000 - 0x00007ffd0ce24000 	C:\WINDOWS\SYSTEM32\UMPDC.dll
0x00007ffd0d0d0000 - 0x00007ffd0d0eb000 	C:\WINDOWS\SYSTEM32\kernel.appcore.dll
0x00007ffcf8ec0000 - 0x00007ffcf8eca000 	c:\Users\Asus\.vscode\extensions\redhat.java-1.43.0-win32-x64\jre\21.0.7-win32-x86_64\bin\jimage.dll
0x00007ffd0b850000 - 0x00007ffd0ba91000 	C:\WINDOWS\SYSTEM32\DBGHELP.DLL
0x00007ffd107d0000 - 0x00007ffd10b55000 	C:\WINDOWS\System32\combase.dll
0x00007ffd0fc60000 - 0x00007ffd0fd41000 	C:\WINDOWS\System32\OLEAUT32.dll
0x00007ffcea990000 - 0x00007ffcea9c9000 	C:\WINDOWS\SYSTEM32\dbgcore.DLL
0x00007ffd0eba0000 - 0x00007ffd0ec39000 	C:\WINDOWS\System32\bcryptPrimitives.dll
0x00007ffcf8d30000 - 0x00007ffcf8d3f000 	c:\Users\Asus\.vscode\extensions\redhat.java-1.43.0-win32-x64\jre\21.0.7-win32-x86_64\bin\instrument.dll
0x00007ffcf23c0000 - 0x00007ffcf23df000 	c:\Users\Asus\.vscode\extensions\redhat.java-1.43.0-win32-x64\jre\21.0.7-win32-x86_64\bin\java.dll
0x00007ffd0f450000 - 0x00007ffd0fb92000 	C:\WINDOWS\System32\SHELL32.dll
0x00007ffd0e820000 - 0x00007ffd0e994000 	C:\WINDOWS\System32\wintypes.dll
0x00007ffd0be90000 - 0x00007ffd0c6e8000 	C:\WINDOWS\SYSTEM32\windows.storage.dll
0x00007ffd0f2d0000 - 0x00007ffd0f3c1000 	C:\WINDOWS\System32\SHCORE.dll
0x00007ffd0fe10000 - 0x00007ffd0fe7a000 	C:\WINDOWS\System32\shlwapi.dll
0x00007ffd0e100000 - 0x00007ffd0e12f000 	C:\WINDOWS\SYSTEM32\profapi.dll
0x00007ffce6e70000 - 0x00007ffce6e88000 	c:\Users\Asus\.vscode\extensions\redhat.java-1.43.0-win32-x64\jre\21.0.7-win32-x86_64\bin\zip.dll
0x00007ffcf7b30000 - 0x00007ffcf7b40000 	C:\Users\Asus\.vscode\extensions\redhat.java-1.43.0-win32-x64\jre\21.0.7-win32-x86_64\bin\net.dll
0x00007ffd071f0000 - 0x00007ffd0730e000 	C:\WINDOWS\SYSTEM32\WINHTTP.dll
0x00007ffd0d640000 - 0x00007ffd0d6aa000 	C:\WINDOWS\system32\mswsock.dll
0x00007ffce72e0000 - 0x00007ffce72f6000 	C:\Users\Asus\.vscode\extensions\redhat.java-1.43.0-win32-x64\jre\21.0.7-win32-x86_64\bin\nio.dll
0x00007ffcf6c00000 - 0x00007ffcf6c10000 	c:\Users\Asus\.vscode\extensions\redhat.java-1.43.0-win32-x64\jre\21.0.7-win32-x86_64\bin\verify.dll
0x00007ffcc87b0000 - 0x00007ffcc87f5000 	C:\Users\Asus\AppData\Roaming\Code\User\globalStorage\redhat.java\1.43.0\config_win\org.eclipse.equinox.launcher\org.eclipse.equinox.launcher.win32.win32.x86_64_1.2.1300.v20250331-1702\eclipse_11911.dll
0x00007ffd10620000 - 0x00007ffd107be000 	C:\WINDOWS\System32\ole32.dll
0x00007ffcf5430000 - 0x00007ffcf543a000 	C:\Users\Asus\.vscode\extensions\redhat.java-1.43.0-win32-x64\jre\21.0.7-win32-x86_64\bin\management.dll
0x00007ffcf4560000 - 0x00007ffcf456b000 	C:\Users\Asus\.vscode\extensions\redhat.java-1.43.0-win32-x64\jre\21.0.7-win32-x86_64\bin\management_ext.dll
0x00007ffd0fd50000 - 0x00007ffd0fd58000 	C:\WINDOWS\System32\PSAPI.DLL
0x00007ffd0d8f0000 - 0x00007ffd0d90b000 	C:\WINDOWS\SYSTEM32\CRYPTSP.dll
0x00007ffd0d030000 - 0x00007ffd0d06a000 	C:\WINDOWS\system32\rsaenh.dll
0x00007ffd0d6e0000 - 0x00007ffd0d70b000 	C:\WINDOWS\SYSTEM32\USERENV.dll
0x00007ffd0e0d0000 - 0x00007ffd0e0f6000 	C:\WINDOWS\SYSTEM32\bcrypt.dll
0x00007ffd0d910000 - 0x00007ffd0d91c000 	C:\WINDOWS\SYSTEM32\CRYPTBASE.dll
0x00007ffd0cb20000 - 0x00007ffd0cb53000 	C:\WINDOWS\SYSTEM32\IPHLPAPI.DLL
0x00007ffd10d80000 - 0x00007ffd10d8a000 	C:\WINDOWS\System32\NSI.dll
0x00007ffcf6c50000 - 0x00007ffcf6c99000 	C:\Users\Asus\AppData\Local\Temp\jna-2050672\jna12111863767578841468.dll
0x00007ffd07ef0000 - 0x00007ffd07f0f000 	C:\WINDOWS\SYSTEM32\dhcpcsvc6.DLL
0x00007ffd07ec0000 - 0x00007ffd07ee5000 	C:\WINDOWS\SYSTEM32\dhcpcsvc.DLL
0x00007ffd07f20000 - 0x00007ffd07f2e000 	C:\Users\Asus\.vscode\extensions\redhat.java-1.43.0-win32-x64\jre\21.0.7-win32-x86_64\bin\sunmscapi.dll
0x00007ffd0e1f0000 - 0x00007ffd0e367000 	C:\WINDOWS\System32\CRYPT32.dll
0x00007ffd0db10000 - 0x00007ffd0db40000 	C:\WINDOWS\SYSTEM32\ncrypt.dll
0x00007ffd0dac0000 - 0x00007ffd0daff000 	C:\WINDOWS\SYSTEM32\NTASN1.dll
0x00007ffd0cb60000 - 0x00007ffd0cc87000 	C:\WINDOWS\SYSTEM32\DNSAPI.dll
0x00007ffd06d10000 - 0x00007ffd06d1b000 	C:\Windows\System32\rasadhlp.dll
0x00007ffd080a0000 - 0x00007ffd08126000 	C:\WINDOWS\System32\fwpuclnt.dll
0x00007ffcfcae0000 - 0x00007ffcfcae9000 	C:\Users\Asus\.vscode\extensions\redhat.java-1.43.0-win32-x64\jre\21.0.7-win32-x86_64\bin\extnet.dll
0x00007ffd0d1f0000 - 0x00007ffd0d226000 	C:\WINDOWS\SYSTEM32\ntmarta.dll

dbghelp: loaded successfully - version: 4.0.5 - missing functions: none
symbol engine: initialized successfully - sym options: 0x614 - pdb path: .;c:\Users\Asus\.vscode\extensions\redhat.java-1.43.0-win32-x64\jre\21.0.7-win32-x86_64\bin;C:\WINDOWS\SYSTEM32;C:\WINDOWS\WinSxS\amd64_microsoft.windows.common-controls_6595b64144ccf1df_6.0.26100.4202_none_3e0698d4e335f517;c:\Users\Asus\.vscode\extensions\redhat.java-1.43.0-win32-x64\jre\21.0.7-win32-x86_64\bin\server;C:\Users\Asus\AppData\Roaming\Code\User\globalStorage\redhat.java\1.43.0\config_win\org.eclipse.equinox.launcher\org.eclipse.equinox.launcher.win32.win32.x86_64_1.2.1300.v20250331-1702;C:\Users\Asus\AppData\Local\Temp\jna-2050672

VM Arguments:
jvm_args: --add-modules=ALL-SYSTEM --add-opens=java.base/java.util=ALL-UNNAMED --add-opens=java.base/java.lang=ALL-UNNAMED --add-opens=java.base/sun.nio.fs=ALL-UNNAMED -Declipse.application=org.eclipse.jdt.ls.core.id1 -Dosgi.bundles.defaultStartLevel=4 -Declipse.product=org.eclipse.jdt.ls.core.product -Djava.import.generatesMetadataFilesAtProjectRoot=false -DDetectVMInstallationsJob.disabled=true -Dfile.encoding=utf8 -XX:+UseParallelGC -XX:GCTimeRatio=4 -XX:AdaptiveSizePolicyWeight=90 -Dsun.zip.disableMemoryMapping=true -Xmx2G -Xms100m -Xlog:disable -javaagent:c:\Users\Asus\.vscode\extensions\redhat.java-1.43.0-win32-x64\lombok\lombok-1.18.39-4050.jar -XX:+HeapDumpOnOutOfMemoryError -XX:HeapDumpPath=c:\Users\Asus\AppData\Roaming\Code\User\workspaceStorage\5b5831cd1af201e25852f1a39751b0ef\redhat.java -Daether.dependencyCollector.impl=bf 
java_command: c:\Users\Asus\.vscode\extensions\redhat.java-1.43.0-win32-x64\server\plugins\org.eclipse.equinox.launcher_1.7.0.v20250519-0528.jar -configuration c:\Users\Asus\AppData\Roaming\Code\User\globalStorage\redhat.java\1.43.0\config_win -data c:\Users\Asus\AppData\Roaming\Code\User\workspaceStorage\5b5831cd1af201e25852f1a39751b0ef\redhat.java\jdt_ws --pipe=\\.\pipe\lsp-d64699cb925e829e666d0312c7a13ff5-sock
java_class_path (initial): c:\Users\Asus\.vscode\extensions\redhat.java-1.43.0-win32-x64\server\plugins\org.eclipse.equinox.launcher_1.7.0.v20250519-0528.jar
Launcher Type: SUN_STANDARD

[Global flags]
    uintx AdaptiveSizePolicyWeight                 = 90                                        {product} {command line}
     intx CICompilerCount                          = 12                                        {product} {ergonomic}
    uintx GCTimeRatio                              = 4                                         {product} {command line}
     bool HeapDumpOnOutOfMemoryError               = true                                   {manageable} {command line}
    ccstr HeapDumpPath                             = c:\Users\Asus\AppData\Roaming\Code\User\workspaceStorage\5b5831cd1af201e25852f1a39751b0ef\redhat.java         {manageable} {command line}
   size_t InitialHeapSize                          = 104857600                                 {product} {command line}
   size_t MaxHeapSize                              = 2147483648                                {product} {command line}
   size_t MaxNewSize                               = 715653120                                 {product} {ergonomic}
   size_t MinHeapDeltaBytes                        = 524288                                    {product} {ergonomic}
   size_t MinHeapSize                              = 104857600                                 {product} {command line}
   size_t NewSize                                  = 34603008                                  {product} {ergonomic}
    uintx NonNMethodCodeHeapSize                   = 7602480                                {pd product} {ergonomic}
    uintx NonProfiledCodeHeapSize                  = 122027880                              {pd product} {ergonomic}
   size_t OldSize                                  = 70254592                                  {product} {ergonomic}
    uintx ProfiledCodeHeapSize                     = 122027880                              {pd product} {ergonomic}
    uintx ReservedCodeCacheSize                    = 251658240                              {pd product} {ergonomic}
     bool SegmentedCodeCache                       = true                                      {product} {ergonomic}
   size_t SoftMaxHeapSize                          = 2147483648                             {manageable} {ergonomic}
     bool UseCompressedOops                        = true                           {product lp64_product} {ergonomic}
     bool UseLargePagesIndividualAllocation        = false                                  {pd product} {ergonomic}
     bool UseParallelGC                            = true                                      {product} {command line}

Logging:
Log output configuration:
 #0: stdout all=off uptime,level,tags foldmultilines=false
 #1: stderr all=off uptime,level,tags foldmultilines=false

Environment Variables:
PATH=C:\Program Files\Common Files\Oracle\Java\javapath;C:\ProgramData\Oracle\Java\javapath;C:\Windows\system32;C:\Windows;C:\Windows\System32\Wbem;C:\Windows\System32\WindowsPowerShell\v1.0\;C:\Windows\System32\OpenSSH\;C:\Program Files (x86)\NVIDIA Corporation\PhysX\Common;C:\Program Files\NVIDIA Corporation\NVIDIA NvDLISR;D:\tdm\bin;C:\Program Files (x86)\Microsoft SQL Server\160\Tools\Binn\;C:\Program Files\Microsoft SQL Server\160\Tools\Binn\;C:\Program Files\Microsoft SQL Server\Client SDK\ODBC\170\Tools\Binn\;C:\Program Files\Microsoft SQL Server\160\DTS\Binn\;C:\Program Files (x86)\Microsoft SQL Server\160\DTS\Binn\;C:\Program Files\Azure Data Studio\bin;C:\Program Files\dotnet\;D:\Git\cmd;C:\Program Files\nodejs\;C:\WINDOWS\system32;C:\WINDOWS;C:\WINDOWS\System32\Wbem;C:\WINDOWS\System32\WindowsPowerShell\v1.0\;C:\WINDOWS\System32\OpenSSH\;C:\Program Files\MySQL\MySQL Server 8.0\bin;C:\Program Files\Microsoft SQL Server\150\Tools\Binn\;C:\Program Files\MySQL\MySQL Shell 8.0\bin\;C:\Users\Asus\AppData\Local\Microsoft\WindowsApps;D:\Microsoft VS Code\bin;C:\Program Files\Azure Data Studio\bin;C:\Users\Asus\AppData\Roaming\npm;D:\IntelliJ IDEA 2024.3.1.1\bin;C:\Users\Asus\AppData\Local\GitHubDesktop\bin;C:\Users\Asus\AppData\Local\JetBrains\Toolbox\scripts
USERNAME=Asus
OS=Windows_NT
PROCESSOR_IDENTIFIER=AMD64 Family 25 Model 68 Stepping 1, AuthenticAMD
TMP=C:\Users\Asus\AppData\Local\Temp
TEMP=C:\Users\Asus\AppData\Local\Temp




Periodic native trim disabled

---------------  S Y S T E M  ---------------

OS:
 Windows 11 , 64 bit Build 26100 (10.0.26100.4202)
OS uptime: 13 days 15:11 hours

CPU: total 16 (initial active 16) (16 cores per cpu, 2 threads per core) family 25 model 68 stepping 1 microcode 0xa404102, cx8, cmov, fxsr, ht, mmx, 3dnowpref, sse, sse2, sse3, ssse3, sse4a, sse4.1, sse4.2, popcnt, lzcnt, tsc, tscinvbit, avx, avx2, aes, erms, clmul, bmi1, bmi2, adx, sha, fma, vzeroupper, clflush, clflushopt, rdtscp, rdpid, fsrm, f16c, pku, cet_ss
Processor Information for the first 16 processors :
  Max Mhz: 3201, Current Mhz: 3201, Mhz Limit: 3201

Memory: 4k page, system-wide physical 7418M (1149M free)
TotalPageFile size 29946M (AvailPageFile size 40M)
current process WorkingSet (physical memory assigned to process): 175M, peak: 1340M
current process commit charge ("private bytes"): 1620M, peak: 1653M

vm_info: OpenJDK 64-Bit Server VM (21.0.7+6-LTS) for windows-amd64 JRE (21.0.7+6-LTS), built on 2025-04-15T00:00:00Z by "admin" with MS VC++ 17.7 (VS2022)

END.
